<?xml version="1.0" encoding="UTF-8"?>
<testng-results ignored="0" total="2" passed="2" failed="0" skipped="0">
  <reporter-output>
  </reporter-output>
  <suite started-at="2025-02-03T20:12:39 IST" name="Selenium Test Suite" finished-at="2025-02-03T20:13:10 IST" duration-ms="30756">
    <groups>
    </groups>
    <test started-at="2025-02-03T20:12:39 IST" name="MakeMyTrip Tests" finished-at="2025-02-03T20:13:10 IST" duration-ms="30756">
      <class name="tests.MakeMyTripLogoTest">
        <test-method is-config="true" signature="setUp()[pri:0, instance:tests.MakeMyTripLogoTest@1afd44cb]" started-at="2025-02-03T20:12:39 IST" name="setUp" finished-at="2025-02-03T20:12:43 IST" duration-ms="3868" status="PASS">
          <reporter-output>
          </reporter-output>
        </test-method> <!-- setUp -->
        <test-method signature="verifyLogoOnPage()[pri:0, instance:tests.MakeMyTripLogoTest@1afd44cb]" started-at="2025-02-03T20:12:43 IST" name="verifyLogoOnPage" finished-at="2025-02-03T20:12:51 IST" duration-ms="7991" status="PASS">
          <reporter-output>
          </reporter-output>
        </test-method> <!-- verifyLogoOnPage -->
        <test-method is-config="true" signature="tearDown()[pri:0, instance:tests.MakeMyTripLogoTest@1afd44cb]" started-at="2025-02-03T20:12:51 IST" name="tearDown" finished-at="2025-02-03T20:12:52 IST" duration-ms="498" status="PASS">
          <reporter-output>
          </reporter-output>
        </test-method> <!-- tearDown -->
      </class> <!-- tests.MakeMyTripLogoTest -->
      <class name="tests.MakeMyTripFlightSearchTest">
        <test-method is-config="true" signature="setUp()[pri:0, instance:tests.MakeMyTripFlightSearchTest@79924b]" started-at="2025-02-03T20:12:52 IST" name="setUp" finished-at="2025-02-03T20:12:54 IST" duration-ms="2112" status="PASS">
          <reporter-output>
          </reporter-output>
        </test-method> <!-- setUp -->
        <test-method signature="verifyFlightSearch()[pri:0, instance:tests.MakeMyTripFlightSearchTest@79924b]" started-at="2025-02-03T20:12:54 IST" name="verifyFlightSearch" finished-at="2025-02-03T20:13:09 IST" duration-ms="15647" status="PASS">
          <reporter-output>
          </reporter-output>
        </test-method> <!-- verifyFlightSearch -->
        <test-method is-config="true" signature="tearDown()[pri:0, instance:tests.MakeMyTripFlightSearchTest@79924b]" started-at="2025-02-03T20:13:09 IST" name="tearDown" finished-at="2025-02-03T20:13:10 IST" duration-ms="550" status="PASS">
          <reporter-output>
          </reporter-output>
        </test-method> <!-- tearDown -->
      </class> <!-- tests.MakeMyTripFlightSearchTest -->
    </test> <!-- MakeMyTrip Tests -->
  </suite> <!-- Selenium Test Suite -->
</testng-results>
