<?xml version="1.0" encoding="UTF-8"?>
<testsuite xmlns:xsi="http://www.w3.org/2001/XMLSchema-instance" xsi:noNamespaceSchemaLocation="https://maven.apache.org/surefire/maven-surefire-plugin/xsd/surefire-test-report-3.0.xsd" version="3.0" name="TestSuite" time="32.253" tests="2" errors="0" skipped="0" failures="0">
  <properties>
[...]
</properties>
  <testcase name="verifyLogoOnPage" classname="tests.MakeMyTripLogoTest" time="7.988">
    <system-out><![CDATA[✅ MakeMyTrip logo is visible.
]]></system-out>
    <system-err><![CDATA[SLF4J: Failed to load class "org.slf4j.impl.StaticLoggerBinder".
SLF4J: Defaulting to no-operation (NOP) logger implementation
SLF4J: See http://www.slf4j.org/codes.html#StaticLoggerBinder for further details.
Feb 03, 2025 8:12:43 PM org.openqa.selenium.devtools.CdpVersionFinder findNearestMatch
WARNING: Unable to find an exact match for CDP version 132, returning the closest version; found: 131; Please update to a Selenium version that supports CDP version 132
]]></system-err>
  </testcase>
  <testcase name="verifyFlightSearch" classname="tests.MakeMyTripFlightSearchTest" time="15.631">
    <system-err><![CDATA[Feb 03, 2025 8:12:54 PM org.openqa.selenium.devtools.CdpVersionFinder findNearestMatch
WARNING: Unable to find an exact match for CDP version 132, returning the closest version; found: 131; Please update to a Selenium version that supports CDP version 132
]]></system-err>
  </testcase>
</testsuite>