<?xml version="1.0" encoding="UTF-8"?>
<testng-results ignored="0" total="1" passed="1" failed="0" skipped="0">
  <reporter-output>
  </reporter-output>
  <suite started-at="2025-02-04T07:20:30 IST" name="Default suite" finished-at="2025-02-04T07:20:49 IST" duration-ms="18532">
    <groups>
    </groups>
    <test started-at="2025-02-04T07:20:30 IST" name="Default test" finished-at="2025-02-04T07:20:49 IST" duration-ms="18532">
      <class name="tests.MakeMyTripLogoTest">
        <test-method is-config="true" signature="setUp()[pri:0, instance:tests.MakeMyTripLogoTest@247bddad]" started-at="2025-02-04T07:20:30 IST" name="setUp" finished-at="2025-02-04T07:20:38 IST" duration-ms="7905" status="PASS">
          <reporter-output>
          </reporter-output>
        </test-method> <!-- setUp -->
        <test-method signature="verifyLogoOnPage()[pri:0, instance:tests.MakeMyTripLogoTest@247bddad]" started-at="2025-02-04T07:20:38 IST" name="verifyLogoOnPage" finished-at="2025-02-04T07:20:48 IST" duration-ms="9663" status="PASS">
          <reporter-output>
          </reporter-output>
        </test-method> <!-- verifyLogoOnPage -->
        <test-method is-config="true" signature="tearDown()[pri:0, instance:tests.MakeMyTripLogoTest@247bddad]" started-at="2025-02-04T07:20:48 IST" name="tearDown" finished-at="2025-02-04T07:20:49 IST" duration-ms="855" status="PASS">
          <reporter-output>
          </reporter-output>
        </test-method> <!-- tearDown -->
      </class> <!-- tests.MakeMyTripLogoTest -->
    </test> <!-- Default test -->
  </suite> <!-- Default suite -->
</testng-results>
