<?xml version="1.0" encoding="UTF-8"?>
<testng-results ignored="0" total="1" passed="1" failed="0" skipped="0">
  <reporter-output>
  </reporter-output>
  <suite started-at="2025-02-03T20:11:25 IST" name="Default suite" finished-at="2025-02-03T20:11:47 IST" duration-ms="21383">
    <groups>
    </groups>
    <test started-at="2025-02-03T20:11:25 IST" name="Default test" finished-at="2025-02-03T20:11:47 IST" duration-ms="21383">
      <class name="tests.MakeMyTripFlightSearchTest">
        <test-method is-config="true" signature="setUp()[pri:0, instance:tests.MakeMyTripFlightSearchTest@24313fcc]" started-at="2025-02-03T20:11:25 IST" name="setUp" finished-at="2025-02-03T20:11:30 IST" duration-ms="4585" status="PASS">
          <reporter-output>
          </reporter-output>
        </test-method> <!-- setUp -->
        <test-method signature="verifyFlightSearch()[pri:0, instance:tests.MakeMyTripFlightSearchTest@24313fcc]" started-at="2025-02-03T20:11:30 IST" name="verifyFlightSearch" finished-at="2025-02-03T20:11:46 IST" duration-ms="16056" status="PASS">
          <reporter-output>
          </reporter-output>
        </test-method> <!-- verifyFlightSearch -->
        <test-method is-config="true" signature="tearDown()[pri:0, instance:tests.MakeMyTripFlightSearchTest@24313fcc]" started-at="2025-02-03T20:11:46 IST" name="tearDown" finished-at="2025-02-03T20:11:47 IST" duration-ms="639" status="PASS">
          <reporter-output>
          </reporter-output>
        </test-method> <!-- tearDown -->
      </class> <!-- tests.MakeMyTripFlightSearchTest -->
    </test> <!-- Default test -->
  </suite> <!-- Default suite -->
</testng-results>
